<?xml version="1.0" encoding="UTF-8"?>
<!-- Generated by org.testng.reporters.JUnitReportReporter -->
<testsuite hostname="DESKTOP-0BGE448" failures="0" tests="3" name="addPayee.AddPayeeTestNG" time="6.080" errors="0" timestamp="29 Jan 2022 23:24:18 GMT" skipped="0">
  <testcase classname="addPayee.AddPayeeTestNG" name="enterUrl" time="3.300"/>
  <testcase classname="addPayee.AddPayeeTestNG" name="login" time="0.974"/>
  <testcase classname="addPayee.AddPayeeTestNG" name="payBills" time="1.806"/>
</testsuite> <!-- addPayee.AddPayeeTestNG -->
