<?xml version="1.0" encoding="UTF-8"?>
<!-- Generated by org.testng.reporters.JUnitReportReporter -->
<testsuite hostname="DESKTOP-0BGE448" failures="0" tests="1" name="TestCases.loginTestCase" time="1.001" errors="0" timestamp="29 Jan 2022 23:27:52 GMT" skipped="0">
  <testcase classname="TestCases.loginTestCase" name="login" time="1.001"/>
</testsuite> <!-- TestCases.loginTestCase -->
