<?xml version="1.0" encoding="UTF-8"?>
<!-- Generated by org.testng.reporters.JUnitReportReporter -->
<testsuite hostname="DESKTOP-0BGE448" failures="0" tests="1" name="addPayee.ITestListener" time="8.754" errors="0" timestamp="30 Jan 2022 02:55:14 GMT" skipped="0">
  <testcase classname="addPayee.ITestListener" name="enterUrl" time="8.754"/>
</testsuite> <!-- addPayee.ITestListener -->
